
ROM used: 602 (15%)
          602 (15%) including unused fragments

          1 Average locations per line
          10 Average locations per statement

RAM used: 33 (9%) at main() level
          42 (11%) worst case

Stack used: 2 worst case (out of 7 total available)

Lines Stmts  %   Files
----- ----- ---  -----
  191    59 100  bskt.c
  301     0   0  ..\..\Program Files\PICC\devices\16F88.h
----- -----
  492    59 Total

Page ROM  %  RAM   Vol Diff  Functions:
---- --- --- ---   --- ----  ----------
0      4   1   0    21  0.9  TIMER1_isr
0     40   7   0   517  4.3  TIMER2_isr
0      4   1   0    21  0.9  TIMER0_isr
0     79  13   0   374  5.6  CAPTURE1_isr
0    164  27   1   614  3.8  MAIN
0     25   4   0   730  4.3  @const92
0     90  15   9             @PRINTF_LU_38400_53_50
0    119  20   9             @PRINTF_LD_38400_53_50

Program metrics:
    Functions               6
    Statements              59
    Comments                106
    Volume (V)              3153
    Difficilty (D)          20.2
    Effort to implement (E) 63587
    Time to implement (T)   59 minutes
    Est Delivered Bugs (B)  1
    Cyclomatic Complexity   11
    Maintainability (MI)    112

 Segment     Used  Free
-----------  ----  ----
00000-00003     4  0  
00004-0004C    73  0  
0004D-007FF   525  1446  
00800-00FFF     0  2048  



