
ROM used: 6294 (77%)
          6294 (77%) including unused fragments

          2 Average locations per line
          12 Average locations per statement

RAM used: 58 (11%) at main() level
          94 (18%) worst case

Stack used: 7 worst case (out of 30 total available)

Lines Stmts  %   Files
----- ----- ---  -----
 1477   270  53  vmeter.c
  363     0   0  ..\..\Program Files\PICC\devices\18F2320.h
 2059   238  47  ..\..\Program Files\PICC\drivers\math.h
----- -----
 3899   508 Total

Page ROM  %  RAM   Vol Diff  Functions:
---- --- --- ---   --- ----  ----------
0     40   0   1             @delay_ms1
0     30   0   1             @delay_us1
0   1826  15   0             @const208
0     76   1   6   166  3.1  U16EERead
0    150   1   6   273  5.1  U16EEWrite
0     80   1   1   307  2.3  LCDWriteNibble
0     78   1   2   223  3.2  PBScan
0     40   0   2   140  2.2  LCDWriteData
0     36   0   2   119  2.2  LCDCommand
0     12   0   2    39  1.5  LCDSetCursor
0     14   0   0    37  1.1  LCDClear
0    124   1   1   461  1.9  LCDInit
0      8   0   1    24  1.2  LCDPutCh
0    506   4  14   928  5.3  LCDPutU16
0    122   1  13             @DIV3232
0     84   1  14             @MUL3232
0     50   0   4   189  3.6  LCDPutS16
0      8   0   1    24  1.2  LCDMsg
0     64   1   3   119  1.2  LCDWelcome
0     42   0   0             @const257
0     40   0   0             @const258
0    234   2   8   604  5.2  Ih_LCDUpdate
0     32   0   0             @const264
0     66   1   5             @DIV1616
0     30   0   5             @MUL1616
0     28   0   0             @const271
0     28   0   0             @const272
0     32   0   0             @const273
0    194   2   8   460  5.1  Ut_LCDUpdate
0     32   0   0             @const279
0    508   4  12  1336  7.3  Pa_LCDUpdate
0     30   0   0             @const288
0     30   0   0             @const289
0     30   0   0             @const290
0     28   0   0             @const292
0     20   0   0    56  1.6  TIMER0_isr
0   1094   9  25  3520 11.3  MAIN
0     38   0   0             @const305
0     38   0   0             @const306
0     54   0   0             @const307
0    164   1   9             @PRINTF_LU_9600_31766_31767

Program metrics:
    Functions               19
    Statements              508
    Comments                426
    Volume (V)              13953
    Difficilty (D)          65.4
    Effort to implement (E) 912148
    Time to implement (T)   14 hours, 5 minutes
    Est Delivered Bugs (B)  3
    Cyclomatic Complexity   29
    Maintainability (MI)    127

 Segment     Used  Free
-----------  ----  ----
00000-00002     4  0  
00004-00006     0  4  
00008-0009C   150  0  
0009E-01FFE  6140  1894  



