
ROM used:   6102/88064 (7%)
            6102/88064 (7%) including unused fragments

            1.6 Average locations per line
            5.6 Average locations per statement

RAM used:   4390/8192 (54%) at main() level
            4486/8192 (55%) worst case

Stack size: 128

Lines Stmts  %   Files
----- ----- ---  -----
  742   300  28  main.c
  176     0   0  main.h
  838     0   0  C:\Program Files (x86)\PICC\Devices\24HJ128GP506A.h
 1351   524  48  C:\Program Files (x86)\PICC\Drivers\stdlib.h
   32     0   0  C:\Program Files (x86)\PICC\Drivers\stddef.h
  423   125  11  C:\Program Files (x86)\PICC\Drivers\string.h
   28     0   0  C:\Program Files (x86)\PICC\Drivers\ctype.h
  320   139  13  ADS1256.h
----- -----
 3910  1088 Total

Page ROM  %  RAM   Vol Diff  Functions:
---- --- --- ---   --- ----  ----------
0     68   1    8             @DIV3232B
0    126   1    8             @DIVS3232A
0     66   1    8             @MULS3232
0    196   2    8             @MULFF
0    272   2    0             @MULFF64
0    100   1    0             @SI64TOF64
0    264   2    8             @DIVFF64
0     96   1    5   290  2.8  WrReg
0     22   0    1    72  2.0  ADC_sps_set
0    178   1    1   685  4.3  ADC_set_PGA
0     68   1    4   165  2.7  ADC_SelfCal
0    236   2    0   834  5.3  ADC_init
0     52   0    1   275  3.7  SYNC_ADC
0     44   0    1   226  3.6  ADC_select
0    100   1    4   235  2.8  ADC_setCh
0    334   3   14   636  4.3  ADC_read
0    100   1    0             @I64TOF64
0     68   1    0             @F64TO48
0     64   1    4             @FTOSD
0    128   1    9   320  5.6  ADC_read_aver
0     28   0    0   197  1.8  OscSetup
0     16   0    0    86  1.3  EnableInt
0     54   0    0   461  2.4  MCU_init
0     70   1    3   185  3.6  Clr_bufs
0    136   1    2   650  5.2  ch_to_int
0     68   1    4   324  6.5  getrxch
0   1328  11    5  6098 12.4  ADC_Par_rd_and_print_ch
0     22   0    0             @const1294
0     20   0    0             @const1295
0     24   0    0             @const1296
0     22   0    0             @const1297
0    178   1    0             @PRINTFU16_230400_5893_5892
0     32   0    0             @const1301
0     22   0    0             @const1302
0     22   0    0             @const1303
0     22   0    0             @const1304
0     32   0    0             @const1305
0     22   0    0             @const1308
0     32   0    0             @const1309
0     36   0    0             @const1310
0     40   0    0    48  1.1  timer1_irq_handler
0     60   0    5    98  3.3  UART2_RXd_isr
0    446   4    5  1000  5.3  MAIN
0    276   2    0   516  4.8  @PRINTFD32_230400_5893_5892
 Inline         0             @cinit1

Program metrics:
    Functions               21
    Statements              1088
    Comments                1471
    Volume (V)              20818
    Difficulty (D)          84.3
    Effort to implement (E) 1755257
    Time to implement (T)   27 hours, 5 minutes
    Est Delivered Bugs (B)  5
    Cyclomatic Complexity   81
    Maintainability (MI)    90

 Segment     Used  Free
-----------  ----  ----
00000-00002     4  0  
00004-001FE   508  0  
00200-0FFFE  5590  59434  
10000-14FFE     0  20480  
15000-157FE     0  2048  



