iMPACT Version: 14.4

iMPACT log file Started on Tue Oct 20 12:20:53 2015

Welcome to iMPACT
iMPACT Version: 14.4
Project: 'D:\work\Projects\FPGA_prj\FPGA2USB\FPGA2USB\\auto_project.ipf' alreadyexists.
Original project has been renamed to'D:\work\Projects\FPGA_prj\FPGA2USB\FPGA2USB\\auto_project_1.ipf'.
Project: D:\work\Projects\FPGA_prj\FPGA2USB\FPGA2USB\\auto_project.ipf created.
// *** BATCH CMD : setMode -bs
// *** BATCH CMD : setCable -port svf -file"D:/work/Projects/FPGA_prj/ProfileMeter/MainSch/1.svf"
// *** BATCH CMD : addDevice -p 1 -file"D:/work/Projects/FPGA_prj/ProfileMeter/MainSch/StateMachine.jed"
'1': Loading file'D:/work/Projects/FPGA_prj/ProfileMeter/MainSch/StateMachine.jed' ...
done.
INFO:iMPACT:1777 - 
   Reading C:/Xilinx/14.4/ISE_DS/ISE/xc9500xl/data/xc9572xl.bsd...
INFO:iMPACT:501 - '1': Added Device xc9572xl successfully.
----------------------------------------------------------------------
INFO:iMPACT - Current time: 20.10.2015 12:21:16
WARNING:iMPACT - Warning: SVF Programming of 9500 series CPLDs is not supported   by every third-party boundary-scan tool provider. Please check for support   before using this SVF file to program a 9500 series device.
// *** BATCH CMD : Program -p 1 -e -v 

'1': Erasing device...
'1': Erasure completed successfully.
'1': Programming device...
done.
'1': Putting device in ISP mode...done.
'1': Putting device in ISP mode...done.
PROGRESS_START - Starting Operation.
'1': Verifying device...done.
'1': Verification completed successfully.
'1': Putting device in ISP mode...done.
'1': Programming completed successfully.
PROGRESS_END - End Operation.
Elapsed time =      0 sec.
