ISim log file
Running: D:\work\Projects\FPGA_prj\ProfileMeter\MainSch\StateMachine_isim_beh.exe -intstyle ise -gui -tclbatch isim.cmd -wdb D:/work/Projects/FPGA_prj/ProfileMeter/MainSch/StateMachine_isim_beh.wdb 
ISim P.49d (signature 0x7708f090)
This is a Full version of ISim.
Time resolution is 1 ps
# onerror resume
# wave add /
# run 1000 ns
Simulator is doing circuit initialization process.
Finished circuit initialization process.
# restart
# isim force add /statemachine/gclk 1 -radix bin -value 0 -radix bin -time 5 us -repeat 10 us
# isim force add /statemachine/spi_clk 1 -radix bin -value 0 -radix bin -time 5 us -repeat 10 us
# isim force add /statemachine/d 1 -radix bin -value 0 -radix bin -time 25 us -repeat 50 us
# isim force add /statemachine/d 1 -radix bin -value 0 -radix bin -time 25 us -repeat 50 us
# isim force add /statemachine/ce 1 -radix bin
# isim force add /statemachine/ce 1 -radix bin
# run 600.00us
Simulator is doing circuit initialization process.
Finished circuit initialization process.
