
ROM used: 5768 (70%)
          5768 (70%) including unused fragments

          5 Average locations per line
          15 Average locations per statement

RAM used: 120 (23%) at main() level
          153 (30%) worst case

Stack used: 7 worst case (out of 30 total available)

Lines Stmts  %   Files
----- ----- ---  -----
  792   393 100  main.c
   29     0   0  main.h
  423     0   0  ..\..\Program Files\PICC\devices\18F4320.h
----- -----
 1244   393 Total

Page ROM  %  RAM   Vol Diff  Functions:
---- --- --- ---   --- ----  ----------
0     38   0   1             @delay_ms1
0     72   1   6   346 10.0  Crc8
0     66   1   1   307  2.3  LCDWriteNibble
0     36   0   2   140  2.2  LCDWriteData
0     32   0   2   119  2.2  LCDCommand
0     12   0   2    39  1.5  LCDSetCursor
0     14   0   0    37  1.1  LCDClear
0    132   1   1   461  1.9  LCDInit
0      8   0   1    24  1.2  LCDPutCh
0    512   4  14   928  5.3  LCDPutU16
0    122   1  13             @DIV3232
0     84   1  14   189  3.6  @MUL3232
0    842   7  14  1542  5.4  LCDPutU32
0     66   1   6   189  3.6  LCDPutS32
0      8   0   1    24  1.2  LCDMsg
0     70   1   3   141  1.3  LCDWelcome
0     42   0   0   225  4.3  @const159
0     50   0   0   225  4.3  @const160
0     78   1   1   225  4.3  PBScan
0     48   0   1   136  3.2  ButOk
0     40   0   0   517  4.3  @const164
0     72   1   0   517  4.3  TIMER2_isr
0    190   2   0   414  5.6  CAPTURE1_isr
0     14   0   0    56  1.6  cpb_isr
0     50   0   0    90  3.1  ext0_isr
0   1978  17  33  7932 12.9  MAIN
0     46   0   0             @const180
0     48   0   0             @const181
0     36   0   0             @const182
0     44   0   0             @const183
0     36   0   0             @const184
0     36   0   0             @const185
0     36   0   0             @const186
0    210   2  14             @DIVS3232
0     38   0   0             @const190
0     48   0   0             @const191
0     40   0   0             @const193
0     48   0   0             @const195
0     44   0   0             @const196
0     38   0   0             @const197

Program metrics:
    Functions               24
    Statements              393
    Comments                249
    Volume (V)              22118
    Difficilty (D)          92.7
    Effort to implement (E) 2049412
    Time to implement (T)   31 hours, 38 minutes
    Est Delivered Bugs (B)  5
    Cyclomatic Complexity   73
    Maintainability (MI)    41

 Segment     Used  Free
-----------  ----  ----
00000-00002     4  0  
00004-00006     0  4  
00008-0015A   340  0  
0015C-01FFE  5424  2420  



