*** Error 1 "C:\Program Files (x86)\PICC\Devices\24HJ128GP506A.h" Line 510(1,2): Illegal C character in input file  0x80
*** Error 1 "C:\Program Files (x86)\PICC\Devices\24HJ128GP506A.h" Line 510(1,2): Illegal C character in input file  0x00
*** Error 1 "C:\Program Files (x86)\PICC\Devices\24HJ128GP506A.h" Line 510(1,2): Illegal C character in input file  0x01
*** Error 1 "C:\Program Files (x86)\PICC\Devices\24HJ128GP506A.h" Line 510(2,3): Illegal C character in input file  0x00
*** Error 1 "C:\Program Files (x86)\PICC\Devices\24HJ128GP506A.h" Line 510(2,3): Illegal C character in input file  0x00
*** Error 1 "C:\Program Files (x86)\PICC\Devices\24HJ128GP506A.h" Line 510(2,3): Illegal C character in input file  0xFF
*** Error 1 "C:\Program Files (x86)\PICC\Devices\24HJ128GP506A.h" Line 510(2,3): Illegal C character in input file  0xFF
*** Error 1 "C:\Program Files (x86)\PICC\Devices\24HJ128GP506A.h" Line 510(2,3): Illegal C character in input file  0xFF
*** Error 1 "C:\Program Files (x86)\PICC\Devices\24HJ128GP506A.h" Line 510(2,3): Illegal C character in input file  0x00
*** Error 1 "C:\Program Files (x86)\PICC\Devices\24HJ128GP506A.h" Line 510(2,3): Illegal C character in input file  0x06
*** Error 1 "C:\Program Files (x86)\PICC\Devices\24HJ128GP506A.h" Line 510(2,3): Illegal C character in input file  0x00
*** Error 1 "C:\Program Files (x86)\PICC\Devices\24HJ128GP506A.h" Line 510(2,3): Illegal C character in input file  0x00
*** Error 1 "C:\Program Files (x86)\PICC\Devices\24HJ128GP506A.h" Line 510(2,3): Illegal C character in input file  0x00
*** Error 1 "C:\Program Files (x86)\PICC\Devices\24HJ128GP506A.h" Line 510(2,3): Illegal C character in input file  0x00
*** Error 1 "C:\Program Files (x86)\PICC\Devices\24HJ128GP506A.h" Line 510(2,3): Illegal C character in input file  0x00
*** Error 1 "C:\Program Files (x86)\PICC\Devices\24HJ128GP506A.h" Line 510(2,3): Illegal C character in input file  0x00
*** Error 1 "C:\Program Files (x86)\PICC\Devices\24HJ128GP506A.h" Line 510(2,3): Illegal C character in input file  0x00
*** Error 32 "C:\Program Files (x86)\PICC\Devices\24HJ128GP506A.h" Line 510(1,2): Expecting a , or )
*** Error 1 "C:\Program Files (x86)\PICC\Devices\24HJ128GP506A.h" Line 510(7,8): Illegal C character in input file  0x94
*** Error 43 "C:\Program Files (x86)\PICC\Devices\24HJ128GP506A.h" Line 510(7,8): Expecting a declaration
*** Error 1 "C:\Program Files (x86)\PICC\Devices\24HJ128GP506A.h" Line 510(9,10): Illegal C character in input file  0xE0
*** Error 1 "C:\Program Files (x86)\PICC\Devices\24HJ128GP506A.h" Line 510(9,10): Illegal C character in input file  0xE1
*** Error 1 "C:\Program Files (x86)\PICC\Devices\24HJ128GP506A.h" Line 510(9,10): Illegal C character in input file  0x89
*** Error 1 "C:\Program Files (x86)\PICC\Devices\24HJ128GP506A.h" Line 510(9,10): Illegal C character in input file  0x0B
*** Error 7 "C:\Program Files (x86)\PICC\Devices\24HJ128GP506A.h" Line 510(13,14): Invalid Pre-Processor directive
*** Error 1 "C:\Program Files (x86)\PICC\Devices\24HJ128GP506A.h" Line 510(13,14): Illegal C character in input file  0x1E
*** Error 1 "C:\Program Files (x86)\PICC\Devices\24HJ128GP506A.h" Line 510(13,14): Illegal C character in input file  0xE5
*** Error 1 "C:\Program Files (x86)\PICC\Devices\24HJ128GP506A.h" Line 510(13,14): Illegal C character in input file  0x40
*** Error 1 "C:\Program Files (x86)\PICC\Devices\24HJ128GP506A.h" Line 510(13,14): Illegal C character in input file  0x00
*** Error 1 "C:\Program Files (x86)\PICC\Devices\24HJ128GP506A.h" Line 510(13,14): Illegal C character in input file  0x00
*** Error 1 "C:\Program Files (x86)\PICC\Devices\24HJ128GP506A.h" Line 510(13,14): Illegal C character in input file  0x00
*** Error 1 "C:\Program Files (x86)\PICC\Devices\24HJ128GP506A.h" Line 510(13,14): Illegal C character in input file  0x00
*** Error 1 "C:\Program Files (x86)\PICC\Devices\24HJ128GP506A.h" Line 510(13,14): Illegal C character in input file  0x00
*** Error 1 "C:\Program Files (x86)\PICC\Devices\24HJ128GP506A.h" Line 510(13,14): Illegal C character in input file  0x00
*** Error 1 "C:\Program Files (x86)\PICC\Devices\24HJ128GP506A.h" Line 510(13,14): Illegal C character in input file  0x00
*** Error 1 "C:\Program Files (x86)\PICC\Devices\24HJ128GP506A.h" Line 510(13,14): Illegal C character in input file  0x00
*** Error 1 "C:\Program Files (x86)\PICC\Devices\24HJ128GP506A.h" Line 510(13,14): Illegal C character in input file  0x00
*** Error 1 "C:\Program Files (x86)\PICC\Devices\24HJ128GP506A.h" Line 510(13,14): Illegal C character in input file  0x00
*** Error 1 "C:\Program Files (x86)\PICC\Devices\24HJ128GP506A.h" Line 510(13,14): Illegal C character in input file  0x00
*** Error 1 "C:\Program Files (x86)\PICC\Devices\24HJ128GP506A.h" Line 510(13,14): Illegal C character in input file  0x00
*** Error 1 "C:\Program Files (x86)\PICC\Devices\24HJ128GP506A.h" Line 510(13,14): Illegal C character in input file  0x00
*** Error 1 "C:\Program Files (x86)\PICC\Devices\24HJ128GP506A.h" Line 510(13,14): Illegal C character in input file  0x00
*** Error 1 "C:\Program Files (x86)\PICC\Devices\24HJ128GP506A.h" Line 510(13,14): Illegal C character in input file  0x00
*** Error 1 "C:\Program Files (x86)\PICC\Devices\24HJ128GP506A.h" Line 510(13,14): Illegal C character in input file  0x00
*** Error 1 "C:\Program Files (x86)\PICC\Devices\24HJ128GP506A.h" Line 510(13,14): Illegal C character in input file  0x00
*** Error 1 "C:\Program Files (x86)\PICC\Devices\24HJ128GP506A.h" Line 510(13,14): Illegal C character in input file  0x00
*** Error 1 "C:\Program Files (x86)\PICC\Devices\24HJ128GP506A.h" Line 510(13,14): Illegal C character in input file  0x00
*** Error 1 "C:\Program Files (x86)\PICC\Devices\24HJ128GP506A.h" Line 510(13,14): Illegal C character in input file  0x00
*** Error 1 "C:\Program Files (x86)\PICC\Devices\24HJ128GP506A.h" Line 510(13,14): Illegal C character in input file  0x00
*** Error 1 "C:\Program Files (x86)\PICC\Devices\24HJ128GP506A.h" Line 510(13,14): Illegal C character in input file  0x00
*** Error 1 "C:\Program Files (x86)\PICC\Devices\24HJ128GP506A.h" Line 510(13,14): Illegal C character in input file  0x00
*** Error 1 "C:\Program Files (x86)\PICC\Devices\24HJ128GP506A.h" Line 510(13,14): Illegal C character in input file  0x00
*** Error 1 "C:\Program Files (x86)\PICC\Devices\24HJ128GP506A.h" Line 510(13,14): Illegal C character in input file  0x00
*** Error 1 "C:\Program Files (x86)\PICC\Devices\24HJ128GP506A.h" Line 510(13,14): Illegal C character in input file  0x00
*** Error 1 "C:\Program Files (x86)\PICC\Devices\24HJ128GP506A.h" Line 510(13,14): Illegal C character in input file  0x00
*** Error 1 "C:\Program Files (x86)\PICC\Devices\24HJ128GP506A.h" Line 510(13,14): Illegal C character in input file  0x00
*** Error 1 "C:\Program Files (x86)\PICC\Devices\24HJ128GP506A.h" Line 510(13,14): Illegal C character in input file  0x00
*** Error 1 "C:\Program Files (x86)\PICC\Devices\24HJ128GP506A.h" Line 510(13,14): Illegal C character in input file  0x00
*** Error 1 "C:\Program Files (x86)\PICC\Devices\24HJ128GP506A.h" Line 510(13,14): Illegal C character in input file  0x00
*** Error 1 "C:\Program Files (x86)\PICC\Devices\24HJ128GP506A.h" Line 510(13,14): Illegal C character in input file  0x00
*** Error 1 "C:\Program Files (x86)\PICC\Devices\24HJ128GP506A.h" Line 510(13,14): Illegal C character in input file  0x00
*** Error 1 "C:\Program Files (x86)\PICC\Devices\24HJ128GP506A.h" Line 510(13,14): Illegal C character in input file  0x00
*** Error 1 "C:\Program Files (x86)\PICC\Devices\24HJ128GP506A.h" Line 510(13,14): Illegal C character in input file  0x00
*** Error 1 "C:\Program Files (x86)\PICC\Devices\24HJ128GP506A.h" Line 510(13,14): Illegal C character in input file  0x00
*** Error 1 "C:\Program Files (x86)\PICC\Devices\24HJ128GP506A.h" Line 510(13,14): Illegal C character in input file  0x00
*** Error 1 "C:\Program Files (x86)\PICC\Devices\24HJ128GP506A.h" Line 510(13,14): Illegal C character in input file  0x00
*** Error 1 "C:\Program Files (x86)\PICC\Devices\24HJ128GP506A.h" Line 510(13,14): Illegal C character in input file  0x00
*** Error 1 "C:\Program Files (x86)\PICC\Devices\24HJ128GP506A.h" Line 510(13,14): Illegal C character in input file  0x00
*** Error 1 "C:\Program Files (x86)\PICC\Devices\24HJ128GP506A.h" Line 510(13,14): Illegal C character in input file  0x00
*** Error 1 "C:\Program Files (x86)\PICC\Devices\24HJ128GP506A.h" Line 510(13,14): Illegal C character in input file  0x00
*** Error 1 "C:\Program Files (x86)\PICC\Devices\24HJ128GP506A.h" Line 510(13,14): Illegal C character in input file  0x00
*** Error 1 "C:\Program Files (x86)\PICC\Devices\24HJ128GP506A.h" Line 510(13,14): Illegal C character in input file  0x00
*** Error 1 "C:\Program Files (x86)\PICC\Devices\24HJ128GP506A.h" Line 510(13,14): Illegal C character in input file  0x00
*** Error 1 "C:\Program Files (x86)\PICC\Devices\24HJ128GP506A.h" Line 510(13,14): Illegal C character in input file  0x00
*** Error 1 "C:\Program Files (x86)\PICC\Devices\24HJ128GP506A.h" Line 510(13,14): Illegal C character in input file  0x00
*** Error 1 "C:\Program Files (x86)\PICC\Devices\24HJ128GP506A.h" Line 510(13,14): Illegal C character in input file  0x00
*** Error 1 "C:\Program Files (x86)\PICC\Devices\24HJ128GP506A.h" Line 510(13,14): Illegal C character in input file  0x00
*** Error 1 "C:\Program Files (x86)\PICC\Devices\24HJ128GP506A.h" Line 510(13,14): Illegal C character in input file  0x00
*** Error 1 "C:\Program Files (x86)\PICC\Devices\24HJ128GP506A.h" Line 510(13,14): Illegal C character in input file  0x00
*** Error 1 "C:\Program Files (x86)\PICC\Devices\24HJ128GP506A.h" Line 510(13,14): Illegal C character in input file  0x00
*** Error 1 "C:\Program Files (x86)\PICC\Devices\24HJ128GP506A.h" Line 510(13,14): Illegal C character in input file  0x00
*** Error 1 "C:\Program Files (x86)\PICC\Devices\24HJ128GP506A.h" Line 510(13,14): Illegal C character in input file  0x00
*** Error 1 "C:\Program Files (x86)\PICC\Devices\24HJ128GP506A.h" Line 510(13,14): Illegal C character in input file  0x00
*** Error 1 "C:\Program Files (x86)\PICC\Devices\24HJ128GP506A.h" Line 510(13,14): Illegal C character in input file  0x00
*** Error 1 "C:\Program Files (x86)\PICC\Devices\24HJ128GP506A.h" Line 510(13,14): Illegal C character in input file  0x00
*** Error 1 "C:\Program Files (x86)\PICC\Devices\24HJ128GP506A.h" Line 510(13,14): Illegal C character in input file  0x00
*** Error 1 "C:\Program Files (x86)\PICC\Devices\24HJ128GP506A.h" Line 510(13,14): Illegal C character in input file  0x00
*** Error 1 "C:\Program Files (x86)\PICC\Devices\24HJ128GP506A.h" Line 510(13,14): Illegal C character in input file  0x00
*** Error 1 "C:\Program Files (x86)\PICC\Devices\24HJ128GP506A.h" Line 510(13,14): Illegal C character in input file  0x00
*** Error 1 "C:\Program Files (x86)\PICC\Devices\24HJ128GP506A.h" Line 510(13,14): Illegal C character in input file  0x00
*** Error 1 "C:\Program Files (x86)\PICC\Devices\24HJ128GP506A.h" Line 510(13,14): Illegal C character in input file  0x00
*** Error 1 "C:\Program Files (x86)\PICC\Devices\24HJ128GP506A.h" Line 510(13,14): Illegal C character in input file  0x00
*** Error 1 "C:\Program Files (x86)\PICC\Devices\24HJ128GP506A.h" Line 510(13,14): Illegal C character in input file  0x00
*** Error 1 "C:\Program Files (x86)\PICC\Devices\24HJ128GP506A.h" Line 510(13,14): Illegal C character in input file  0x00
*** Error 1 "C:\Program Files (x86)\PICC\Devices\24HJ128GP506A.h" Line 510(13,14): Illegal C character in input file  0x00
*** Error 1 "C:\Program Files (x86)\PICC\Devices\24HJ128GP506A.h" Line 510(13,14): Illegal C character in input file  0x00
*** Error 1 "C:\Program Files (x86)\PICC\Devices\24HJ128GP506A.h" Line 510(13,14): Illegal C character in input file  0x00
*** Error 1 "C:\Program Files (x86)\PICC\Devices\24HJ128GP506A.h" Line 510(13,14): Illegal C character in input file  0x00
*** Error 1 "C:\Program Files (x86)\PICC\Devices\24HJ128GP506A.h" Line 510(13,14): Illegal C character in input file  0x00
*** Error 1 "C:\Program Files (x86)\PICC\Devices\24HJ128GP506A.h" Line 510(13,14): Illegal C character in input file  0x00
*** Error 1 "C:\Program Files (x86)\PICC\Devices\24HJ128GP506A.h" Line 510(13,14): Illegal C character in input file  0x00
