
ROM used:   940/88064 (1%)
            940/88064 (1%) including unused fragments

            0.2 Average locations per line
            0.9 Average locations per statement

RAM used:   4354/8192 (53%) at main() level
            4356/8192 (53%) worst case

Stack used: 42 worst case (4 in main + 38 for interrupts)
Stack size: 128

Lines Stmts  %   Files
----- ----- ---  -----
  706   269  25  main.c
  177     0   0  main.h
  863     0   0  C:\Program Files (x86)\PICC\Devices\24HJ128GP506A.h
 1351   524  50  C:\Program Files (x86)\PICC\Drivers\stdlib.h
   32     0   0  C:\Program Files (x86)\PICC\Drivers\stddef.h
  435   129  12  C:\Program Files (x86)\PICC\Drivers\string.h
   28     0   0  C:\Program Files (x86)\PICC\Drivers\ctype.h
  317   133  13  ADS1256.h
----- -----
 3909  1055 Total

Page ROM  %  RAM    Vol Diff  Functions:
---- --- --- ---    --- ----  ----------
0     24   1    2             @delay_ms1
0     28   1    0    197  1.8  OscSetup
0     16   1    0     86  1.3  EnableInt
0     54   3    0    461  2.4  MCU_init
0     40   2    0     48  1.1  timer1_irq_handler
0     60   3    5     98  3.3  UART2_RXd_isr
0    206  11    1    349  3.2  MAIN
 Inline         0             @cinit1

Program metrics:
    Functions               6
    Statements              1055
    Comments                1457
    Volume (V)              1828
    Difficulty (D)          13.3
    Effort to implement (E) 24235
    Time to implement (T)   22 minutes
    Est Delivered Bugs (B)  0
    Cyclomatic Complexity   1
    Maintainability (MI)    16

 Segment     Used  Free
-----------  ----  ----
00000-00002     4  0  
00004-001FE   508  0  
00200-0FFFE   428  64596  
10000-14FFE     0  20480  
15000-157FE     0  2048  



