#-----------------------------------------------------------
# PlanAhead v14.2 (64-bit)
# Build 194362 by xbuild on Fri Jul 20 18:52:11 MDT 2012
# Start of session at: Mon Sep 30 16:38:08 2013
# Process ID: 6416
# Log file: C:/work/Projects/FPGA_prj/FPGA2USB/FPGA2USB/planAhead_run_1/planAhead.log
# Journal file: C:/work/Projects/FPGA_prj/FPGA2USB/FPGA2USB/planAhead_run_1/planAhead.jou
#-----------------------------------------------------------
INFO: [Common 17-78] Attempting to get a license: PlanAhead
INFO: [Common 17-290] Got license for PlanAhead
INFO: [Device 21-36] Loading parts and site information from C:/Xilinx/14.2/ISE_DS/PlanAhead/data/parts/arch.xml
Parsing RTL primitives file [C:/Xilinx/14.2/ISE_DS/PlanAhead/data/parts/xilinx/rtl/prims/rtl_prims.xml]
Finished parsing RTL primitives file [C:/Xilinx/14.2/ISE_DS/PlanAhead/data/parts/xilinx/rtl/prims/rtl_prims.xml]
start_gui
source C:/work/Projects/FPGA_prj/FPGA2USB/FPGA2USB/pa.fromHdl.tcl
# create_project -name FPGA2USB -dir "C:/work/Projects/FPGA_prj/FPGA2USB/FPGA2USB/planAhead_run_1" -part xc3s500efg320-4
Parsing template File [C:/Xilinx/14.2/ISE_DS/ISE/data/projnav/templates/verilog.xml].
Finished parsing template File [C:/Xilinx/14.2/ISE_DS/ISE/data/projnav/templates/verilog.xml].
Parsing template File [C:/Xilinx/14.2/ISE_DS/ISE/data/projnav/templates/vhdl.xml].
Finished parsing template File [C:/Xilinx/14.2/ISE_DS/ISE/data/projnav/templates/vhdl.xml].
Parsing template File [C:/Xilinx/14.2/ISE_DS/ISE/data/projnav/templates/ucf.xml].
Finished parsing template File [C:/Xilinx/14.2/ISE_DS/ISE/data/projnav/templates/ucf.xml].
# set_param project.pinAheadLayout yes
# set srcset [get_property srcset [current_run -impl]]
# set_property target_constrs_file "FPGA2USB_imp.ucf" [current_fileset -constrset]
Adding file 'C:/work/Projects/FPGA_prj/FPGA2USB/FPGA2USB/FPGA2USB_imp.ucf' to fileset 'constrs_1'
# set hdlfile [add_files [list {ipcore_dir/fx2lp_clk_div.vhd}]]
# set_property file_type VHDL $hdlfile
# set_property library work $hdlfile
# set hdlfile [add_files [list {../main.vhd}]]
# set_property file_type VHDL $hdlfile
# set_property library work $hdlfile
# set_property top fx2lp_slaveFIFO2b_streamIN_fpga_top $srcset
# add_files [list {FPGA2USB_imp.ucf}] -fileset [get_property constrset [current_run]]
# open_rtl_design -part xc3s500efg320-4
Using Verific elaboration
Parsing VHDL file "C:/Xilinx/14.2/ISE_DS/PlanAhead/data/parts/xilinx/rtl/lib/synplify/synattr.vhd" into library synplify
Parsing VHDL file "C:/Xilinx/14.2/ISE_DS/PlanAhead/data/parts/xilinx/rtl/lib/synplify/synattr.vhd" into library synplify
Parsing VHDL file "C:/work/Projects/FPGA_prj/FPGA2USB/FPGA2USB/ipcore_dir/fx2lp_clk_div.vhd" into library work
Parsing VHDL file "C:/work/Projects/FPGA_prj/FPGA2USB/main.vhd" into library work
INFO: [Designutils 20-910] Reading macro library C:/Xilinx/14.2/ISE_DS/PlanAhead/data\./parts/xilinx/spartan3e/spartan3e/hd_int_macros.edn
Parsing EDIF File [C:/Xilinx/14.2/ISE_DS/PlanAhead/data\./parts/xilinx/spartan3e/spartan3e/hd_int_macros.edn]
Finished Parsing EDIF File [C:/Xilinx/14.2/ISE_DS/PlanAhead/data\./parts/xilinx/spartan3e/spartan3e/hd_int_macros.edn]
Loading clock regions from C:/Xilinx/14.2/ISE_DS/PlanAhead/data\parts/xilinx/spartan3e/spartan3e/xc3s500e/ClockRegion.xml
Loading clock buffers from C:/Xilinx/14.2/ISE_DS/PlanAhead/data\parts/xilinx/spartan3e/spartan3e/xc3s500e/ClockBuffers.xml
Loading package from C:/Xilinx/14.2/ISE_DS/PlanAhead/data\parts/xilinx/spartan3e/spartan3e/xc3s500e/fg320/Package.xml
Loading io standards from C:/Xilinx/14.2/ISE_DS/PlanAhead/data\./parts/xilinx/spartan3e/IOStandards.xml
INFO: [Device 21-19] Loading pkg sso from C:/Xilinx/14.2/ISE_DS/PlanAhead/data\parts/xilinx/spartan3e/spartan3e/xc3s500e/fg320/SSORules.xml
Loading list of drcs for the architecture : C:/Xilinx/14.2/ISE_DS/PlanAhead/data\./parts/xilinx/spartan3e/spartan3e/drc.xml
INFO: [Timing 38-77] Reading timing library C:/Xilinx/14.2/ISE_DS/PlanAhead/data\parts/xilinx/spartan3e/spartan3e/spartan3e-4.lib.
INFO: [Timing 38-34] Done reading timing library C:/Xilinx/14.2/ISE_DS/PlanAhead/data\parts/xilinx/spartan3e/spartan3e/spartan3e-4.lib.
Parsing UCF File [C:/work/Projects/FPGA_prj/FPGA2USB/FPGA2USB/FPGA2USB_imp.ucf]
Finished Parsing UCF File [C:/work/Projects/FPGA_prj/FPGA2USB/FPGA2USB/FPGA2USB_imp.ucf]
INFO: [Project 1-111] Unisim Transformation Summary:
No Unisim elements were transformed.

Phase 0 | Netlist Checksum: 9b368c7e
open_rtl_design: Time (s): elapsed = 00:00:09 . Memory (MB): peak = 535.176 ; gain = 129.320
exit
INFO: [Common 17-206] Exiting PlanAhead...
INFO: [Common 17-83] Releasing license: PlanAhead
