ISim log file
Running: D:\work\Projects\FPGA_prj\uni\uni\test1_isim_beh.exe -intstyle ise -gui -tclbatch isim.cmd -wdb D:/work/Projects/FPGA_prj/uni/uni/test1_isim_beh.wdb 
ISim P.49d (signature 0x7708f090)
This is a Full version of ISim.
Time resolution is 1 ps
# onerror resume
# wave add /
# run 1000 ns
Simulator is doing circuit initialization process.
Finished circuit initialization process.
# isim force add /test1/clk 1 -radix bin -value 0 -radix bin -time 500 ns -repeat 1 us
# isim force add /test1/clk 1 -radix bin -value 0 -radix bin -time 500 ns -repeat 1 us
# isim force add /test1/a 1 -radix bin -value 0 -radix bin -time 6 us -repeat 12 us -cancel 5 us
# isim force add /test1/a 1 -radix bin -value 0 -radix bin -time 6 us -repeat 12 us -cancel 5 us
# isim force add /test1/b 1 -radix bin -value 0 -radix bin -time 10 us -repeat 20 us -cancel 5 us
# isim force add /test1/b 1 -radix bin -value 0 -radix bin -time 10 us -repeat 20 us -cancel 5 us
# run 50.00us
# run 200.00us
# restart
# restart
# isim force add /test1/a 1 -radix bin -value 0 -radix bin -time 7500 ns -repeat 15 us -cancel 5 us
# isim force add /test1/a 1 -radix bin -value 0 -radix bin -time 7500 ns -repeat 15 us -cancel 5 us
# isim force add /test1/b 1 -radix bin -value 0 -radix bin -time 10 us -repeat 20 us -cancel 20 us
# isim force add /test1/b 1 -radix bin -value 0 -radix bin -time 10 us -repeat 20 us -cancel 20 us
# isim force add /test1/clk 1 -radix bin -value 0 -radix bin -time 500 ns -repeat 1 us
# isim force add /test1/clk 1 -radix bin -value 0 -radix bin -time 500 ns -repeat 1 us
# run 200.00us
Simulator is doing circuit initialization process.
Finished circuit initialization process.
# restart
# isim force add /test1/a 1 -radix bin -value 0 -radix bin -time 2500 ns -repeat 5 us
# isim force add /test1/a 1 -radix bin -value 0 -radix bin -time 2500 ns -repeat 5 us
# isim force add /test1/b 1 -radix bin -value 0 -radix bin -time 5 us -repeat 10 us
# isim force add /test1/b 1 -radix bin -value 0 -radix bin -time 5 us -repeat 10 us
# isim force add /test1/clk 1 -radix bin -value 0 -radix bin -time 500 fs -repeat 1 ps
# isim force add /test1/clk 1 -radix bin -value 0 -radix bin -time 500 ns -repeat 1 us
# isim force add /test1/clk 1 -radix bin -value 0 -radix bin -time 500 ns -repeat 1 us
# run 200.00us
Simulator is doing circuit initialization process.
Finished circuit initialization process.
# restart
# isim force add /test1/a 1 -radix bin -value 0 -radix bin -time 5 us -repeat 10 us -cancel 0 fs
# isim force add /test1/b 1 -radix bin -value 0 -radix bin -time 12500 ns -repeat 25 us -cancel 0 fs
# isim force add /test1/b 1 -radix bin -value 0 -radix bin -time 12500 ns -repeat 25 us -cancel 0 fs
# isim force add /test1/clk 1 -radix bin -value 0 -radix bin -time 500 ns -repeat 1 us -cancel 0 fs
# isim force add /test1/clk 1 -radix bin -value 0 -radix bin -time 500 ns -repeat 1 us -cancel 0 fs
# run 200.00us
Simulator is doing circuit initialization process.
Finished circuit initialization process.
