
ROM used: 1544 (9%)
          1544 (9%) including unused fragments

          2 Average locations per line
          22 Average locations per statement

RAM used: 72 (9%) at main() level
          82 (11%) worst case

Stack used: 3 worst case (out of 30 total available)

Lines Stmts  %   Files
----- ----- ---  -----
  225    69 100  USB-CAN1.c
   33     0   0  USB-CAN1.h
  361     0   0  ..\..\Program Files\PICC\devices\18F2480.h
----- -----
  619    69 Total

Page ROM  %  RAM   Vol Diff  Functions:
---- --- --- ---   --- ----  ----------
0     66   2   2   320  4.6  RDA_int
0      8   0   0    21  0.9  tbe_int
0     74   2   6   346 10.0  Crc8
0    680  22  21  2215  9.9  MAIN
0     34   1   0             @const134
0     36   1   0             @const135
0     66   2   5             @DIV1616
0     32   1   5             @MUL1616
0     68   2   0             @const142
0     40   1   3             @DIV88
0    108   3   2             @PRINTF_U_9600_31766_31767
0    166   5   9             @PRINTF_LU_9600_31766_31767

Program metrics:
    Functions               4
    Statements              69
    Comments                121
    Volume (V)              3472
    Difficilty (D)          24.2
    Effort to implement (E) 84002
    Time to implement (T)   1 hours, 18 minutes
    Est Delivered Bugs (B)  1
    Cyclomatic Complexity   8
    Maintainability (MI)    129

 Segment     Used  Free
-----------  ----  ----
00000-00002     4  0  
00004-00006     0  4  
00008-000A8   162  0  
000AA-03FFE  1378  14836  



