
ROM used:   5906/32768 (18%)
            5906/32768 (18%) including unused fragments

            2.3 Average locations per line
            13.1 Average locations per statement

RAM used:   171/3648 (5%) at main() level
            205/3648 (6%) worst case

Stack used: 10 worst case (7 in main + 3 for interrupts)
Stack size: 31

Lines Stmts  %   Files
----- ----- ---  -----
  746   245  54  main.c
  118     0   0  XYZ Gaussmeter.h
  907     0   0  C:\Program Files (x86)\PICC\Devices\18F25K80.h
   37     0   0  C:\Program Files (x86)\PICC\Drivers\stdio.h
  423   125  28  C:\Program Files (x86)\PICC\Drivers\string.h
   32     0   0  C:\Program Files (x86)\PICC\Drivers\stddef.h
   28     0   0  C:\Program Files (x86)\PICC\Drivers\ctype.h
  287    82  18  LCD_XYZ_Gaussmeter.c
----- -----
 2578   452 Total

Page ROM  %  RAM   Vol Diff  Functions:
---- --- --- ---   --- ----  ----------
0     40   0    1             @delay_ms1
0     30   0    1             @delay_us1
0     88   1    3             @I2C_READ_1
0     92   1    1             @I2C_WRITE_1
0     72   1    2   282  2.3  LCDWriteNibble
0     44   0    2   140  2.2  LCDWriteData
0     38   0    2   119  2.2  LCDCommand
0     12   0    2    39  1.5  LCDSetCursor
0     18   0    0    37  1.1  LCDClear
0    116   1    0   354  1.9  LCDinit
0      8   0    1    24  1.2  LCDPutCh
0    510   4   14   898  5.3  LCDPutU16
0    142   1   13             @DIV3232
0     84   1   14             @MUL3232
0     48   0    4   189  3.6  LCDPutS16
0     10   0    1    24  1.2  LCDMsg
0     48   0    2   123  1.6  LCDWelcome
0     16   0    0             @const845
0     32   0    2             @PSTRINGC_841
0     18   0    0             @const847
0     70   1    2   104  1.7  SensWrData
0   1084   9    4  1072  4.7  SensRdAll
0     18   0    0             @const919
0    228   2   14             @DIVS3232
0     86   1    5             @SDTOF
0    242   2   11             @MULFF
0    248   2   12             @PRINTF_L32D_9600_31766_31767
0      4   0    0             @const933
0     56   0    4             @SFTOI
0      6   0    0             @const936
0      8   0    0             @const937
0      6   0    0             @const938
0    112   1    8   373  6.5  CRC16
0    238   2    7   449  4.3  rom_rd_byte
0     64   1   11   287  4.6  rom_rd_float
0     48   0    5   196  3.6  rom_rd_CRC16
0    438   4    2   970  5.3  int0
0     30   0    0   176  2.7  UART_RXd_isr
0   1126  10   14  2514  6.8  MAIN
0     16   0    0             @const987
0     10   0    0             @const988
0      6   0    0             @const989
0      8   0    0             @const990
0      8   0    0             @const991
0      4   0    0             @const992
0     32   0    5             @MUL1616
0      4   0    0             @const996
0     62   1    5             @FTOSD
0      4   0    0             @const999
0      4   0    0             @const1000
0     12   0    0             @const1001
 Inline         0             @cinit1

Program metrics:
    Functions               20
    Statements              452
    Comments                889
    Volume (V)              13548
    Difficulty (D)          63.2
    Effort to implement (E) 855861
    Time to implement (T)   13 hours, 12 minutes
    Est Delivered Bugs (B)  3
    Cyclomatic Complexity   13
    Maintainability (MI)    47

 Segment     Used  Free
-----------  ----  ----
00000-00002     4  0  
00004-00006     0  4  
00008-000A0   154  0  
000A2-07FFE  5748  26858  



