
ROM used:   4502 (14%)
            4502 (14%) including unused fragments

            2 Average locations per line
            8 Average locations per statement

RAM used:   105 (3%) at main() level
            140 (4%) worst case

Stack used: 10/31 worst case (7 in main + 3 for interrupts)

Lines Stmts  %   Files
----- ----- ---  -----
 1150   434  78  main.c
  526     0   0  C:\Program Files (x86)\PICC\Devices\18F25K80.h
   37     0   0  C:\Program Files (x86)\PICC\Drivers\stdio.h
  423   125  22  C:\Program Files (x86)\PICC\Drivers\string.h
   32     0   0  C:\Program Files (x86)\PICC\Drivers\stddef.h
   28     0   0  C:\Program Files (x86)\PICC\Drivers\ctype.h
----- -----
 2196   559 Total

Page ROM  %  RAM   Vol Diff  Functions:
---- --- --- ---   --- ----  ----------
0     40   0   1             @delay_ms1
0     30   0   1             @delay_us1
0     88   1   3             @I2C_READ_1
0     92   1   1             @I2C_WRITE_1
0     86   1   1   307  2.3  LCDWriteNibble
0     36   0   2   140  2.2  LCDWriteData
0     32   0   2   119  2.2  LCDCommand
0     12   0   2    39  1.5  LCDSetCursor
0     14   0   0    37  1.1  LCDClear
0    124   1   1   461  1.9  LCDInit
0      8   0   1    24  1.2  LCDPutCh
0    142   2  13             @DIV3232
0     84   1  14             @MUL3232
0    522   6  14   959  5.3  LCDPutU16
0     50   1   4   189  3.6  LCDPutS16
0     10   0   1    24  1.2  LCDMsg
0     64   1   1   145  1.3  LCDWelcome
0     14   0   0             @const332
0     32   0   2             @PSTRINGC_329
0     18   0   0             @const334
0     18   0   0             @const335
0     74   1   2   223  3.2  PBScan
0     10   0   0    33  1.3  int0
0     20   0   0    56  1.6  TIMER0_isr
0    164   2   3   450  5.7  TIMER3_isr
0     38   0   0   287  3.3  UART_RXd_isr
0     70   1   2   104  1.7  SensWrData
0      8   0   0             @const365
0    220   2   9             @PRINTF_LD_9600_31766_31767
0      8   0   0             @const370
0     10   0   0             @const371
0     80   1   6             @MULS1616
0    640   7   2  1824  4.9  SensRdAll
0     18   0   0             @const381
0     18   0   0             @const385
0      8   0   0             @const386
0      8   0   0             @const387
0      8   0   0             @const388
0     22   0   1    79  2.9  Set_ADC_Ch
0   1038  12  19  4102 10.9  MAIN
0     12   0   0             @const400
0     14   0   0             @const401
0     16   0   0             @const402
0     18   0   0             @const403
0    230   3  14             @DIVS3232
0     18   0   0             @const407
0      6   0   0             @const408
0      4   0   0             @const409
 Inline        0             @cinit1

Program metrics:
    Functions               20
    Statements              559
    Comments                685
    Volume (V)              14523
    Difficulty (D)          59.5
    Effort to implement (E) 863613
    Time to implement (T)   13 hours, 20 minutes
    Est Delivered Bugs (B)  3
    Cyclomatic Complexity   28
    Maintainability (MI)    100

 Segment     Used  Free
-----------  ----  ----
00000-00002     4  0  
00004-00006     0  4  
00008-000D0   202  0  
000D2-07FFE  4296  28262  



