
ROM used:   5070 (15%)
            5070 (15%) including unused fragments

            3 Average locations per line
            11 Average locations per statement

RAM used:   136 (4%) at main() level
            171 (5%) worst case

Stack used: 10/31 worst case (7 in main + 3 for interrupts)

Lines Stmts  %   Files
----- ----- ---  -----
  893   334  73  main.c
  526     0   0  C:\Program Files (x86)\PICC\Devices\18F25K80.h
   37     0   0  C:\Program Files (x86)\PICC\Drivers\stdio.h
  423   125  27  C:\Program Files (x86)\PICC\Drivers\string.h
   32     0   0  C:\Program Files (x86)\PICC\Drivers\stddef.h
   28     0   0  C:\Program Files (x86)\PICC\Drivers\ctype.h
----- -----
 1939   459 Total

Page ROM  %  RAM   Vol Diff  Functions:
---- --- --- ---   --- ----  ----------
0     40   0   1   436  7.9  @delay_ms1
0     30   0   1             @delay_us1
0     88   1   3             @I2C_READ_1
0     92   1   1   222  7.1  @I2C_WRITE_1
0    100   1   1   307  2.3  LCDWriteNibble
0     56   1   2   140  2.2  LCDWriteData
0     44   0   2   119  2.2  LCDCommand
0     12   0   2    39  1.5  LCDSetCursor
0     14   0   0    37  1.1  LCDClear
0    172   2   1   461  1.9  LCDInit
0      8   0   1    24  1.2  LCDPutCh
0    142   1  13   825  5.3  @DIV3232
0     84   1  14             @MUL3232
0    522   5  14   959  5.3  LCDPutU16
0     50   0   4   189  3.6  LCDPutS16
0     10   0   1    24  1.2  LCDMsg
0     64   1   1   145  1.3  LCDWelcome
0     14   0   0    24  1.2  @const326
0     32   0   2   123  1.6  @PSTRINGC_323
0     18   0   0   179  3.9  @const328
0     18   0   0   315  2.4  @const329
0     74   1   2   223  3.2  PBScan
0     70   1   2   104  1.7  SensWrData
0     68   1   0    78  1.6  SensInit
0    950   9   4  1036  4.3  SensRdAll
0     18   0   0   315  2.4  @const348
0    228   2  14    78  1.6  @DIVS3232
0     86   1   5  1245  4.8  @SDTOF
0    242   2  11   860  7.8  @MULFF
0    248   2  12  1026  5.4  @PRINTF_L32D_9600_31766_31767
0     18   0   0  1824  4.9  @const362
0      8   0   0   545  3.3  @const363
0     56   1   4  1824  4.9  @SFTOI
0      8   0   0  1016  5.3  @const366
0      8   0   0    56  1.6  @const367
0    438   4   2   961  5.3  int0
0     20   0   0    56  1.6  TIMER0_isr
0    164   2   3   450  5.7  TIMER3_isr
0     38   0   0   287  3.3  UART_RXd_isr
0    512   5  19  1431  6.9  MAIN
 Inline        0    56  1.6  @cinit1

Program metrics:
    Functions               38
    Statements              459
    Comments                565
    Volume (V)              32109
    Difficulty (D)          132.9
    Effort to implement (E) 4267176
    Time to implement (T)   65 hours, 51 minutes
    Est Delivered Bugs (B)  9
    Cyclomatic Complexity   38
    Maintainability (MI)    80

 Segment     Used  Free
-----------  ----  ----
00000-00002     4  0  
00004-00006     0  4  
00008-000D0   202  0  
000D2-07FFE  4864  27694  



