
ROM used:   11522 (13%)
            11522 (13%) including unused fragments

            6 Average locations per line
            14 Average locations per statement

RAM used:   202 (2%) at main() level
            456 (6%) worst case

Stack used: 8/31 worst case (6 in main + 2 for interrupts)

Lines Stmts  %   Files
----- ----- ---  -----
  529   429  53  main.c
  180     0   0  main.h
  470     0   0  C:\Program Files (x86)\PICC\Devices\24HJ128GP506.h
  270   135  17  LCD_16X4_Termo3.h
  448   243  30  ADS1256.h
----- -----
 1897   807 Total

Page ROM  %  RAM   Vol Diff  Functions:
---- --- --- ---   --- ----  ----------
0     68   0   8             @DIV3232B
0     24   0   2             @delay_ms1
0     66   0   1   307  2.3  LCDWriteNibble
0     44   0   3   140  2.2  LCDWriteData
0     42   0   3   119  2.2  LCDCommand
0     20   0   3    39  1.5  LCDSetCursor
0     14   0   0    37  1.1  LCDClear
0    160   1   0   461  1.9  LCDInit
0     10   0   1    24  1.2  LCDPutCh
0     10   0   1    24  1.2  LCDMsg
0    108   0   3   145  1.3  LCDWelcome
0     30   0   0             @const218
0     30   0   0             @const219
0     30   0   0             @const220
0    316   1  15   928  5.3  LCDPutU16
0     84   0   8             @DIV3232A
0     48   0   8             @MUL3232
0    532   2  15  1641  5.4  LCDPutU32
0     90   0   4   240  2.8  WrReg
0     32   0   0    88  1.7  ADC_StartRdContin
0    172   1   5   364  4.2  ADC_RdataC
0    126   1   8             @DIVS3232A
0     36   0   0   108  1.7  ADC_StopRd
0     22   0   1    66  2.0  ADC_sps_set
0    218   1   0   842  3.8  ADC_SelfCal
0    120   1   1   407  4.2  ADC_setCh
0    238   1  21   206  3.5  Read_ADC_vol_in
0     66   0   8             @MULS3232
0    100   0   0             @I64TOF64
0    272   1   0             @MULFF64
0    100   0   0             @SI64TOF64
0    264   1   8             @DIVFF64
0     70   0   0             @F48TO64
0     68   0   0             @F64TO48
0     78   0   4             @SDTOF
0    196   1   8             @MULFF
0     60   0   4             @FTOSD
0     72   0  10   224  5.0  ADC_vol_average
0    150   1   1   486  4.2  ADC_set_PGA
0     32   0   0   152  1.8  ADC_wakeUp
0    156   1   0   545  5.7  ADC_init
0     58   0   9   177  4.9  power
0    782   3  70  2623  9.4  ADC_vol_to_T
0     56   0   4             @DTOF
0    202   1   8             @DIVFF
0    426   2   8             @ADDFF
0     44   0   4             @SFTOI
0     58   0   2             @ITOF
0    104   0   8             @FLT
0     36   0   0   250  4.1  Rd_Flash
0     46   0   0             @READ_PROGRAM_MEMORY
0     32   0   0   250  4.1  Wr_Flash
0     40   0   0             @NVR_WR
0    124   1   0             @WRITE_PROGRAM_MEMORY
0     68   0   9   346 10.0  Crc8
0     28   0   0   197  1.8  OscSetup
0     32   0   0   209  1.8  EnableInt
0     20   0   0   163  1.8  DisableInt
0     84   0   0   806  2.4  MCU_init
0     18   0   2    86  3.1  Bpush_delay
0    132   1   3   152  1.3  LCD_print_menu
0     26   0   0             @const363
0     26   0   0             @const364
0     26   0   0             @const365
0     26   0   0             @const366
0    560   2   3  1002  3.4  LCD_main_menu
0     16   0   0             @const368
0     16   0   0             @const369
0    138   1   3   410  1.8  Full_dev_reset
0     26   0   0             @const385
0     30   0   0             @const386
0   1398   6   6  3406  5.4  ADC_rd_and_print_ch
0     16   0   0             @const389
0     14   0   0             @const390
0     14   0   0             @const391
0     16   0   0             @const392
0     16   0   0             @const393
0     14   0   0             @const394
0    200   1   0             @PRINTFU32_9600_5893_5892
0     14   0   0             @const399
0     14   0   0             @const400
0     16   0   0             @const401
0     16   0   0             @const415
0     28   0   0    84  2.0  save_to_flash
0     86   0   2   383  4.7  cn_irq_handler
0     36   0   0    48  1.1  timer1_irq_handler
0   1218   5   5  4786  9.9  MAIN
0     28   0   0             @const431
0     28   0   0             @const432
0     24   0   0             @const433
0     26   0   0             @const434
0     30   0   0             @const435
0     24   0   0             @const436
0     28   0   0             @const437
0     26   0   0             @const438
0     26   0   0             @const439
 Inline        0             @cinit1

Program metrics:
    Functions               41
    Statements              807
    Comments                418
    Volume (V)              39472
    Difficulty (D)          137.9
    Effort to implement (E) 5443314
    Time to implement (T)   84 hours, 0 minutes
    Est Delivered Bugs (B)  10
    Cyclomatic Complexity   120
    Maintainability (MI)    38

 Segment     Used  Free
-----------  ----  ----
00000-00002     4  0  
00004-001FE   508  0  
00200-0FFFE  11010  54014  
10000-14FFE     0  20480  
15000-157FE     0  2048  



