
ROM used:   6194/88064 (7%)
            6194/88064 (7%) including unused fragments

            2.7 Average locations per line
            10.8 Average locations per statement

RAM used:   5210/8192 (64%) at main() level
            5263/8192 (64%) worst case

Stack used: 78 worst case (40 in main + 38 for interrupts)
Stack size: 128

Lines Stmts  %   Files
----- ----- ---  -----
  360   180  31  main.c
  185     0   0  main.h
  863     0   0  C:\Program Files (x86)\PICC\Devices\24HJ128GP506.h
  360   149  26  ADS1256.h
  372   170  30  dialtek_modbus.h
  165    73  13  dialtek_modbus.c
----- -----
 2305   572 Total

Page ROM  %  RAM    Vol Diff  Functions:
---- --- --- ---    --- ----  ----------
0     20   0    2             @delay_ms1
0     96   1    6    290  2.8  WrReg
0     24   0    1     72  2.0  ADC_sps_set
0    178   1    1    685  4.3  ADC_set_PGA
0     68   1    4    165  2.7  ADC_SelfCal
0    250   2    2    941  5.8  ADC_init
0     52   0    1    275  3.7  SYNC_ADC
0     44   0    1    226  3.6  ADC_select
0    100   1    4    235  2.8  ADC_setCh
0    208   2   22    534  3.8  ADC_read
0    126   1    8    699  7.9  @DIVS3232A
0    340   3   24    699  7.9  ADC_read_aver
0     66   1    8             @MULS3232
0    106   1    0             @I64TOF64
0    272   2    0             @MULFF64
0    106   1    0             @SI64TOF64
0    264   2    8             @DIVFF64
0     68   1    0             @F64TO48
0    196   2    8             @MULFF
0     64   1    4    498  3.5  @FTOSD
0    140   1    7    498  3.5  Clr_bufs
0    396   3    6   5219  6.1  modbus_refresh
0     34   0    5    131  3.5  modbus_reset
0    104   1   15    565 11.3  modbus_CRC16
0    168   1    2    948  5.7  modbus_wsr_answer
0    270   2    8   1221  8.3  modbus_rhr_answer
0    270   2    8   1221  8.3  modbus_rir_answer
0    228   2    6   1708 11.0  modbus_rx_CRC_check
0     92   1    0    344  5.5  modbus_rx_sm
0    100   1    3    370  3.3  modbus_poll
0     94   1    3    577  5.7  Rd_Flash
0     46   0    0    287  4.2  @READ_PROGRAM_MEMORY
0     24   0    3     72  2.4  uart_send_byte
0     28   0    0    197  1.8  OscSetup
0     12   0    0     48  1.1  EnableInt
0     60   0    0    544  2.4  MCU_init
0    448   4    6   1618  5.9  ADC_par_rd_ch
0     78   1    4    104  2.1  @SDTOF
0     44   0    0     94  1.7  timer9_irq_handler
0     74   1    5    235  4.1  UART1_RXd_isr
0    324   3    5    538  4.8  MAIN
 Inline         0    538  4.8  @cinit1

Program metrics:
    Functions               34
    Statements              572
    Comments                659
    Volume (V)              38671
    Difficulty (D)          160.7
    Effort to implement (E) 6214714
    Time to implement (T)   95 hours, 54 minutes
    Est Delivered Bugs (B)  11
    Cyclomatic Complexity   80
    Maintainability (MI)    114

 Segment     Used  Free
-----------  ----  ----
00000-00002     4  0  
00004-001FE   508  0  
00200-0FFFE  5682  59342  
10000-14FFE     0  20480  
15000-157FE     0  2048  



