
ROM used:   5804/88064 (7%)
            5804/88064 (7%) including unused fragments

            2.7 Average locations per line
            10.9 Average locations per statement

RAM used:   4842/8192 (59%) at main() level
            4929/8192 (60%) worst case

Stack size: 128

Lines Stmts  %   Files
----- ----- ---  -----
  768   387  73  main.c
  179     0   0  main.h
  838     0   0  C:\Program Files (x86)\PICC\Devices\24HJ128GP506A.h
  358   144  27  ADS1256.h
----- -----
 2143   531 Total

Page ROM  %  RAM   Vol Diff  Functions:
---- --- --- ---   --- ----  ----------
0     20   0    2             @delay_ms1
0     96   1    5   290  2.8  WrReg
0     22   0    1    72  2.0  ADC_sps_set
0    178   2    1   685  4.3  ADC_set_PGA
0     68   1    4   165  2.7  ADC_SelfCal
0    240   2    0   864  5.3  ADC_init
0     52   0    1   275  3.7  SYNC_ADC
0     44   0    1   226  3.6  ADC_select
0    100   1    4   235  2.8  ADC_setCh
0    334   3   14   636  4.3  ADC_read
0    126   1    8             @DIVS3232A
0     66   1    8             @MULS3232
0    100   1    0             @I64TOF64
0    272   2    0             @MULFF64
0    100   1    0             @SI64TOF64
0    264   2    8             @DIVFF64
0     68   1    0             @F64TO48
0    196   2    8             @MULFF
0     64   1    4             @FTOSD
0    162   1    9   430  6.9  ADC_read_aver
0     70   1    3   185  3.6  Clr_bufs
0    228   2    6  2345  5.9  modbus_refresh
0     68   1    4   318  6.3  get_rx_ch
0    108   1   10   548  9.5  modbus_CRC16
0    178   2    2   779  3.9  modbus_wsr_answer
0    282   2    5  1031  6.3  modbus_rhr_answer
0     70   1    3   245  3.6  modbus_poll
0    452   4    0  3310  9.4  timer2_irq_handler
0     36   0    0   250  4.1  Rd_Flash
0     46   0    0             @READ_PROGRAM_MEMORY
0     34   0    0   287  4.2  Wr_Flash
0     40   0    0             @NVR_WR
0    130   1    0             @WRITE_PROGRAM_MEMORY
0     20   0    1    65  3.0  uart_send_hex
0     28   0    0   197  1.8  OscSetup
0     14   0    0    67  1.2  EnableInt
0     66   1    0   530  2.4  MCU_init
0    424   4    1  1608  6.9  ADC_par_rd_ch
0     40   0    0    48  1.1  timer1_irq_handler
0     60   1    5    98  3.3  UART2_RXd_isr
0    326   3    4   530  4.8  MAIN
 Inline         0             @cinit1

Program metrics:
    Functions               28
    Statements              531
    Comments                567
    Volume (V)              27588
    Difficulty (D)          120.7
    Effort to implement (E) 3330987
    Time to implement (T)   51 hours, 24 minutes
    Est Delivered Bugs (B)  7
    Cyclomatic Complexity   73
    Maintainability (MI)    119

 Segment     Used  Free
-----------  ----  ----
00000-00002     4  0  
00004-001FE   508  0  
00200-0FFFE  5292  59732  
10000-14FFE     0  20480  
15000-157FE     0  2048  



